0
28
107
134
20
78
169
188
32
240
227
3
96
131
34
243
50
127
55
16
189
116
45
166
40
4
137
7
3
148
94
138
50
151
242
12
228
42
40
140
148
180
56
215
116
194
92
223
213
108
102
181
158
22
218
31
182
104
208
26
163
50
197
216
217
189
197
93
77
72
132
38
80
43
39
57
119
2
72
220
6
126
118
177
106
240
86
26
182
112
99
141
249
207
140
22
236
187
100
207
208
239
210
90
248
129
104
202
79
186
179
209
124
118
75
226
167
66
150
224
167
45
209
199
125
148
249
157
139
92
150
72
167
189
5
231
0
90
148
152
222
63
92
149
110
143
111
43
174
193
173
28
139
95
32
30
158
206
176
98
248
165
103
38
2
58
16
34
27
8
76
187
223
151
30
190
51
103
174
242
50
153
213
16
38
53
157
50
224
84
40
128
141
58
43
215
77
215
194
194
178
83
14
74
102
14
50
106
74
47
231
43
175
214
165
212
105
140
133
2
60
88
37
12
149
124
26
163
94
209
245
33
93
72
26
81
200
114
131
114
174
200
137
155
42
145
138
148
240
161
135
168
83
14
231
237
19
24
48
96
61
166
32
207
37
163
90
202
157
219
246
4
244
104
57
221
45
27
181
162
124
34
174
232
51
2
96
70
211
47
45
35
179
50
128
198
186
56
200
98
49
135
170
76
94
68
89
13
45
185
65
21
139
116
242
153
5
48
238
19
116
82
120
221
147
31
46
133
224
111
193
108
63
29
195
216
83
198
52
226
43
87
90
129
212
105
98
182
61
243
180
124
240
104
190
216
155
56
39
156
78
0
166
30
14
67
42
8
168
210
140
194
187
146
114
55
94
75
28
165
202
232
232
79
216
140
76
94
7
184
135
245
52
241
132
67
0
118
54
212
182
211
76
162
66
129
36
188
111
22
76
46
150
209
189
150
150
234
171
22
25
172
172
114
72
33
151
171
8
86
83
112
82
74
27
127
145
77
119
54
146
86
160
147
4
92
33
196
222
164
225
194
53
118
91
133
138
166
108
197
74
40
131
167
109
170
142
217
120
151
151
166
13
174
54
119
54
81
212
222
114
71
104
194
141
80
57
129
132
36
64
32
203
133
5
8
145
236
88
80
60
182
184
239
89
214
184
218
126
18
19
1
101
204
150
29
118
57
145
237
51
208
57
77
100
40
184
9
114
53
48
203
51
223
236
90
206
187
241
203
7
19
218
172
179
169
81
151
123
62
143
136
212
209
66
124
165
42
17
185
54
186
184
6
147
92
72
57
146
189
219
3
13
31
218
219
69
147
193
183
228
182
125
194
143
246
48
234
30
78
154
220
227
68
227
233
102
44
32
209
161
33
248
223
5
237
119
175
8
247
207
225
25
22
17
77
115
44
39
130
125
144
219
140
99
245
116
203
144
61
207
160
200
198
154
60
32
57
136
173
113
121
234
25
182
120
22
124
55
92
217
240
247
162
112
221
242
178
30
214
131
10
63
153
125
41
199
8
187
119
30
195
31
58
107
16
245
65
61
116
185
241
192
106
154
44
248
235
71
170
182
71
8
210
107
82
96
207
33
225
231
106
29
150
101
134
128
202
107
176
231
102
146
98
43
192
95
50
80
18
158
103
41
161
39
77
244
30
225
38
105
198
118
92
163
213
160
3
208
22
54
4
65
184
227
235
167
6
234
56
105
76
163
112
144
142
116
246
111
0
178
37
239
111
15
112
18
192
123
89
234
227
30
135
12
141
139
116
64
51
77
242
230
17
158
196
171
218
32
52
230
163
88
89
179
128
191
109
188
54
109
186
50
179
241
121
188
31
73
114
35
239
33
142
64
3
130
53
34
38
0
56
186
47
110
48
181
19
149
51
62
67
130
242
85
202
215
51
20
190
13
70
94
245
78
188
98
145
169
243
68
220
91
199
203
97
8
31
210
118
27
11
200
141
25
19
42
24
78
196
23
232
93
214
154
31
47
195
70
46
196
94
214
41
60
224
112
56
163
217
76
146
107
184
10
144
161
178
184
28
102
51
162
64
85
136
211
148
234
144
94
216
147
242
105
180
212
93
148
171
95
198
200
235
226
173
119
224
82
168
231
8
128
144
244
85
6
79
56
72
66
150
242
172
20
139
203
243
122
40
98
156
100
86
213
174
156
94
31
102
23
159
167
31
57
60
65
233
46
98
156
106
25
84
34
184
95
54
0
22
157
99
127
79
149
130
246
179
63
46
8
182
212
131
116
226
131
95
245
167
114
149
240
2
111
112
100
52
83
10
94
240
167
67
162
51
82
53
74
147
115
85
59
76
174
4
94
36
95
5
200
138
248
9
68
230
142
248
65
118
68
3
25
201
45
127
104
228
114
104
154
14
141
243
110
60
70
237
51
76
10
77
76
245
65
210
91
225
85
178
193
106
139
173
164
143
56
241
223
8
39
195
158
35
187
214
9
237
186
188
113
212
29
108
190
222
183
119
95
169
170
127
104
47
125
179
102
222
68
219
197
215
163
178
188
105
101
39
10
212
156
61
249
12
149
36
134
43
244
8
110
200
108
149
43
20
38
212
159
120
77
23
210
238
221
111
91
72
221
41
192
50
82
46
211
200
112
51
215
87
184
15
228
67
89
95
2
7
128
117
119
127
128
40
215
232
69
119
101
135
161
231
170
51
60
132
132
46
5
3
2
3
123
194
29
120
230
159
242
1
192
189
188
235
37
203
173
214
163
24
137
41
2
129
189
143
62
238
167
9
116
226
173
187
41
198
90
213
246
36
39
31
44
79
153
227
64
51
209
198
181
52
60
176
12
202
48
184
176
38
68
171
225
70
131
90
95
235
94
17
138
66
80
110
73
30
113
128
16
126
61
73
177
51
90
106
98
235
114
56
233
179
192
67
108
46
179
2
246
156
152
168
140
59
27
226
82
5
249
41
55
66
98
236
99
233
249
29
204
130
68
126
149
84
142
240
239
129
165
137
210
116
189
0
101
187
81
11
1
166
123
74
46
175
22
247
75
44
144
82
62
109
139
173
235
76
97
154
241
104
108
208
175
77
42
226
0
134
19
155
88
172
35
166
83
161
60
64
139
5
172
99
46
76
186
53
46
73
67
192
71
30
142
235
165
28
189
218
126
165
11
122
249
100
94
179
151
214
80
119
233
73
75
155
149
235
65
58
122
181
241
161
144
224
101
128
132
19
249
110
83
179
68
119
46
65
109
6
147
230
36
170
25
193
229
127
149
72
101
76
234
72
244
146
234
62
49
153
201
90
166
192
1
145
17
94
230
14
235
230
234
177
158
211
106
240
36
195
108
7
60
177
171
169
89
191
88
95
103
195
220
69
88
152
25
211
89
139
96
118
28
202
15
67
176
58
137
177
127
168
249
139
171
199
136
191
12
86
177
15
83
53
148
12
99
150
201
154
6
244
64
122
14
12
84
105
39
90
249
99
26
127
52
12
66
136
148
193
159
8
60
151
140
192
99
236
152
64
92
21
58
208
235
247
247
229
12
184
57
139
234
180
116
197
73
80
154
229
122
77
197
124
93
76
48
204
247
196
169
171
176
229
247
3
160
162
6
228
165
148
134
215
89
235
142
65
126
94
15
98
28
201
148
207
171
228
24
115
230
71
10
40
25
76
75
165
152
207
65
91
142
156
243
68
225
176
244
131
83
46
73
3
210
8
45
112
68
243
234
224
123
8
199
167
114
147
31
49
28
149
89
132
137
44
248
206
112
11
151
183
230
36
37
232
209
37
187
11
103
22
208
181
194
95
246
232
86
183
208
156
244
98
74
238
127
214
96
105
121
247
152
76
174
55
94
62
115
70
211
224
129
141
102
66
30
176
149
161
191
65
243
62
228
96
207
116
178
213
168
72
212
120
190
65
144
78
216
146
214
123
71
236
45
233
72
71
128
75
24
229
90
7
186
11
227
115
39
205
4
243
230
67
74
149
116
30
43
195
6
67
37
151
190
89
190
111
67
24
134
31
213
15
33
152
188
13
64
198
6
201
188
32
66
155
243
221
124
39
85
89
99
226
105
155
230
45
30
212
144
150
180
139
169
33
118
249
136
149
72
154
140
62
54
109
102
158
71
41
24
156
103
109
212
161
114
143
0
46
153
235
229
175
88
22
182
54
83
121
158
79
110
235
231
249
58
149
53
166
208
86
14
207
215
139
64
62
239
174
45
92
63
176
115
100
155
100
82
125
129
111
90
176
2
105
22
27
24
144
179
98
52
242
0
29
133
142
176
184
25
55
182
83
38
180
218
173
70
115
149
218
85
141
106
176
205
104
14
19
112
120
60
54
206
27
76
114
211
78
72
95
221
128
115
24
143
101
99
132
118
67
41
14
129
88
81
167
146
132
155
38
225
200
161
56
108
174
224
151
36
18
160
183
100
230
212
81
18
185
166
25
19
125
76
206
184
190
141
80
77
177
150
196
19
4
169
163
124
62
85
186
169
123
209
121
5
168
91
91
133
34
248
106
55
171
103
131
25
12
205
141
16
66
86
187
248
167
86
147
216
34
224
16
100
109
106
89
229
46
5
127
28
181
62
236
7
200
145
12
210
222
86
224
61
215
44
203
205
15
110
56
8
70
138
225
154
0
232
20
240
215
148
186
229
231
226
76
32
177
144
85
107
150
113
213
74
175
213
53
210
75
9
41
200
239
80
106
226
69
165
159
249
238
67
226
24
73
9
244
207
208
48
153
0
144
111
105
173
68
211
185
69
172
40
18
170
174
91
102
49
175
138
81
50
215
59
186
180
152
94
21
23
196
79
157
141
91
196
69
202
245
177
17
232
197
158
66
21
66
114
22
44
49
94
49
124
246
103
131
176
90
178
182
8
184
35
211
214
172
55
153
106
74
142
100
244
100
206
150
178
226
76
131
99
144
224
157
104
1
242
239
40
237
152
132
47
223
123
167
113
152
143
20
117
35
78
180
59
155
40
16
38
23
174
220
10
109
182
161
33
245
219
232
5
9
161
90
121
163
128
144
97
144
112
210
110
26
131
182
118
219
241
35
213
227
11
217
91
233
45
73
16
67
176
107
244
41
17
6
235
179
131
17
136
182
43
0
176
11
77
172
147
243
79
12
238
234
5
231
9
242
74
211
80
234
80
174
30
78
159
241
172
214
191
185
187
184
88
207
156
118
66
23
122
224
18
78
115
146
216
198
173
146
197
162
45
97
190
0
32
157
123
34
178
0
131
33
214
116
151
151
214
208
179
238
47
244
171
71
29
98
145
223
228
219
202
237
180
162
161
161
140
54
154
108
57
14
39
236
46
163
86
114
246
209
183
159
51
144
152
110
174
178
212
210
35
40
142
21
225
162
140
156
224
18
74
14
146
78
21
97
43
231
246
234
74
66
156
234
202
226
218
39
138
32
45
53
121
189
210
195
225
216
172
10
28
223
110
82
200
187
54
145
118
98
120
242
155
215
13
87
64
98
219
210
7
1
100
160
221
21
225
70
242
17
112
71
47
72
232
40
33
108
172
156
200
138
232
89
241
78
137
164
34
139
116
8
167
202
105
177
18
130
87
3
30
168
230
138
102
115
75
159
230
63
36
50
61
151
112
105
248
179
202
171
163
173
235
226
54
108
221
16
68
209
46
30
158
110
94
182
62
192
71
68
94
46
137
88
159
145
130
233
234
8
233
62
54
186
47
3
48
196
134
34
96
83
125
152
157
51
170
220
188
100
193
201
219
158
90
14
154
52
228
176
216
236
172
25
9
140
174
45
168
149
213
93
139
36
191
68
110
178
181
235
62
235
90
37
179
228
89
139
59
150
25
165
94
225
39
50
159
196
21
175
77
46
233
139
158
14
18
80
206
97
249
49
57
47
34
134
128
21
148
39
75
191
67
55
52
20
172
228
123
118
178
122
177
88
228
246
140
4
68
161
63
131
181
210
115
63
236
239
8
87
54
42
111
2
1
26
69
237
91
246
67
213
64
228
68
5
11
105
242
40
200
74
182
221
144
8
50
69
37
44
43
234
209
151
101
49
105
128
167
195
34
164
210
131
220
153
148
161
180
131
161
106
159
47
29
32
4
141
176
244
164
174
27
148
20
206
44
79
139
226
75
101
164
152
37
79
2
14
157
69
221
220
24
36
187
120
192
130
22
221
59
73
19
178
223
118
107
232
29
244
234
244
110
137
177
34
162
91
20
149
114
159
176
214
240
129
160
46
216
90
151
144
246
223
169
65
130
192
79
185
114
73
30
208
176
107
163
48
228
37
238
243
110
179
55
248
91
118
227
71
75
214
169
60
92
96
168
99
29
19
0
60
77
116
12
154
239
34
145
204
43
213
174
16
22
136
159
12
216
88
49
161
128
75
211
207
115
113
92
7
228
111
0
64
90
21
239
202
229
79
212
0
76
79
55
225
146
128
140
39
135
155
70
164
5
97
28
226
36
164
139
202
71
158
190
106
27
128
53
189
203
184
111
63
86
222
175
164
130
43
188
4
31
164
64
52
159
44
72
28
90
100
152
47
85
246
239
244
80
153
165
39
209
41
27
53
166
151
61
225
17
225
16
152
109
201
33
84
242
197
186
65
230
94
70
38
34
235
41
150
234
81
210
28
14
240
67
142
134
80
225
13
180
161
218
107
195
29
217
195
128
70
109
158
116
71
156
144
92
224
137
248
75
25
180
50
47
14
237
47
55
46
245
74
159
116
151
13
244
139
216
54
150
185
170
59
80
80
73
35
198
132
85
145
5
121
6
188
116
93
149
57
35
82
185
21
132
121
163
223
105
140
18
119
113
176
7
177
202
242
107
99
238
120
34
230
18
216
223
33
179
234
107
108
42
31
98
188
38
235
139
175
242
70
213
180
4
144
34
141
149
132
212
200
248
137
13
188
91
123
163
195
76
198
131
134
240
200
41
201
26
101
214
86
82
6
17
221
44
75
0
230
2
53
233
209
13
185
47
110
147
25
114
154
7
77
204
42
214
181
39
194
160
138
27
181
2
46
51
108
29
109
79
93
11
26
223
140
147
214
102
202
160
12
22
53
167
30
56
124
36
96
9
51
105
58
90
74
147
155
26
173
107
173
25
135
39
92
37
202
173
142
129
74
117
176
167
31
202
229
105
56
202
129
15
134
249
82
158
218
123
176
39
173
123
203
85
28
60
164
94
23
37
31
43
5
42
6
41
172
59
59
16
141
135
79
150
98
148
108
65
27
177
23
139
189
185
120
65
106
219
120
115
179
242
203
215
113
65
165
153
27
193
149
234
64
225
231
29
163
143
96
79
3
224
144
78
47
30
17
206
146
49
87
87
224
146
108
35
116
95
85
242
78
54
224
155
192
102
105
101
79
54
22
111
100
27
84
230
128
40
164
84
97
212
198
25
121
159
206
163
104
94
247
22
130
34
176
128
225
49
76
146
7
123
140
173
80
133
177
246
40
174
134
105
180
60
243
163
114
48
77
164
223
18
189
31
71
208
66
31
96
173
22
143
165
95
160
159
149
189
198
166
166
62
219
107
57
143
161
66
126
132
60
120
218
78
51
20
139
114
26
160
214
97
3
107
156
133
245
226
180
231
154
67
52
178
174
37
40
121
42
189
226
92
104
209
136
50
80
151
186
95
41
54
34
63
29
106
37
237
190
29
67
122
135
154
123
20
45
218
181
64
58
68
207
157
120
71
74
77
175
184
8
54
230
164
62
214
85
31
142
228
87
96
85
35
206
113
27
177
92
24
225
198
230
3
249
82
10
96
133
45
239
4
131
241
148
179
15
64
192
183
4
178
160
224
112
221
26
158
0
175
243
80
108
232
233
158
243
130
142
20
180
71
67
190
209
184
228
49
120
221
168
137
8
25
205
42
1
76
15
224
120
236
14
9
48
164
194
129
144
5
80
118
131
232
214
15
63
41
35
30
89
64
195
146
23
138
20
69
34
164
65
136
116
79
180
125
233
28
69
232
228
148
205
130
134
170
234
148
192
202
232
157
17
82
164
242
18
52
175
115
130
169
114
9
172
145
204
70
203
222
240
181
158
180
241
35
229
81
183
147
92
216
157
175
37
148
182
229
108
152
24
115
150
73
21
163
211
238
49
241
131
173
44
15
44
149
244
82
83
90
155
151
147
7
224
175
30
82
129
148
0
51
118
142
61
186
195
69
198
70
221
178
232
243
124
171
200
89
204
15
85
93
117
38
69
84
98
221
38
124
161
36
159
197
241
220
241
52
169
51
124
111
114
25
90
34
73
71
109
95
213
165
209
2
190
98
135
212
205
211
242
91
66
246
232
16
205
209
173
14
199
147
136
243
221
50
225
87
56
143
179
64
211
33
239
40
199
227
38
245
183
189
120
37
232
143
19
128
220
148
103
208
67
135
162
181
198
139
74
168
181
119
71
50
197
144
59
141
49
108
38
240
84
23
45
175
235
41
187
204
56
147
233
196
177
171
70
108
21
237
107
188
98
83
10
28
205
202
211
62
2
19
54
75
132
63
211
39
47
99
79
185
123
208
52
54
165
21
140
21
213
80
142
27
55
170
36
206
150
128
239
35
1
226
153
59
87
235
177
132
123
24
116
215
101
109
228
125
174
236
180
204
150
90
198
170
238
147
236
127
18
27
23
129
249
51
117
218
40
18
196
70
200
10
222
12
140
160
94
109
68
34
177
102
123
228
32
153
122
23
116
238
37
98
177
16
205
146
248
56
16
27
96
202
202
213
129
55
80
108
5
218
96
213
186
127
203
234
54
54
80
61
186
119
74
98
143
60
30
130
63
195
225
0
0
20
83
80
171
130
2
141
231
129
206
204
92
122
5
218
55
188
117
200
120
0
224
224
62
61
229
67
144
155
213
101
165
97
217
89
125
31
152
172
95
33
64
102
36
14
26
90
32
61
179
18
87
138
192
26
237
2
16
62
99
174
180
137
178
157
161
144
57
62
160
55
216
239
84
242
224
38
114
45
214
155
195
218
184
217
122
119
244
107
26
174
175
234
56
70
155
112
54
195
63
71
185
32
209
129
198
74
89
234
234
175
102
93
172
9
41
216
86
104
90
53
90
99
123
76
143
211
247
175
98
181
113
35
244
101
55
119
7
44
173
148
64
242
120
50
109
122
62
190
170
152
171
182
237
72
33
222
204
230
48
193
90
241
24
137
81
39
140
110
144
237
215
51
47
212
117
90
135
194
40
63
65
117
143
209
130
11
187
138
25
20
122
22
99
32
26
31
16
4
153
232
27
17
141
185
100
64
200
61
130
90
162
101
178
211
104
149
154
202
28
107
107
160
174
120
3
154
131
53
77
135
67
194
163
87
33
235
173
15
12
227
6
183
225
15
244
14
47
9
124
29
118
71
186
186
97
124
68
1
84
52
194
228
21
30
68
134
109
216
162
70
96
53
230
72
80
12
17
65
208
248
101
32
79
177
170
153
116
245
243
222
86
218
195
101
47
214
47
38
92
156
15
117
143
83
29
10
123
164
131
142
226
140
166
1
118
66
204
140
19
201
70
228
34
156
55
197
145
29
74
74
47
81
218
206
240
235
132
129
88
87
27
18
108
167
176
204
67
103
14
8
171
91
15
228
16
58
224
229
230
37
44
76
197
166
234
127
114
104
57
24
193
14
29
0
42
85
41
151
5
102
219
14
158
199
246
127
87
68
77
9
150
91
232
217
156
132
167
243
192
23
106
162
238
226
137
173
199
192
173
125
37
198
36
125
194
20
30
185
160
157
227
202
11
163
208
144
231
104
110
177
63
137
27
51
16
76
241
99
66
171
134
27
243
67
219
55
197
120
79
196
156
207
183
31
83
120
38
140
21
122
78
46
247
150
50
35
235
97
223
240
190
153
117
215
65
25
207
222
248
242
222
70
41
169
225
170
245
101
141
130
14
202
14
231
167
41
10
187
76
8
238
36
57
200
208
58
139
90
79
243
229
231
231
110
231
177
172
155
57
172
86
41
58
249
23
112
12
54
119
125
127
170
5
172
125
146
10
158
58
9
239
198
84
171
37
26
189
135
233
181
25
199
19
124
77
176
148
114
157
42
59
30
124
67
100
151
117
30
18
192
228
7
42
216
131
26
146
85
230
91
245
67
183
211
189
84
94
207
142
221
70
206
228
116
241
210
13
246
141
87
115
55
243
172
168
86
98
200
164
201
234
19
67
118
195
238
16
234
11
183
103
115
161
218
140
34
231
247
98
188
35
16
162
247
94
150
68
187
205
170
87
42
109
49
245
15
128
31
192
92
9
163
148
196
9
185
239
124
80
166
15
145
223
99
216
62
107
14
244
241
14
63
219
89
100
184
147
0
97
190
40
96
143
120
170
125
122
20
206
38
104
98
95
187
153
189
121
78
197
1
20
6
132
170
184
151
1
85
163
27
81
114
3
236
107
67
176
207
96
84
125
241
216
244
67
125
112
84
74
66
156
143
11
88
71
248
40
138
70
176
124
86
245
142
210
184
100
26
159
196
193
205
16
219
58
209
212
55
239
41
57
217
25
111
244
42
17
156
115
196
80
46
109
67
209
234
235
183
178
166
215
90
150
34
56
184
85
114
44
30
103
167
119
127
190
103
15
17
187
69
182
53
10
84
144
18
210
204
1
13
146
146
230
88
11
7
91
240
201
187
40
2
9
208
173
99
241
150
164
22
151
6
64
12
200
48
0
41
127
144
24
245
222
103
224
75
7
121
17
227
48
183
152
223
154
183
94
214
178
249
228
71
178
57
164
147
32
21
48
80
77
158
183
51
210
139
205
232
142
89
16
152
177
9
103
231
43
51
191
71
174
60
68
27
72
50
166
56
57
153
31
70
26
97
40
61
232
221
52
150
212
181
133
69
132
72
125
81
220
27
178
124
62
236
173
79
77
35
90
80
82
195
198
227
146
144
137
81
239
163
140
112
28
112
101
49
188
142
46
151
24
116
62
32
111
25
228
63
196
149
163
217
189
105
87
66
25
172
43
111
61
116
88
40
45
22
124
178
92
21
36
71
91
84
165
61
187
26
34
75
130
228
167
159
241
104
203
68
238
5
19
182
96
78
91
172
159